make --dry-run --always-make --keep-going --print-directory
make: Entering directory '/mnt/s/minishell/MergeParsing-Exec'
cc    -c -o exec/builtins.o exec/builtins.c
cc    -c -o exec/ft_env.o exec/ft_env.c
cc    -c -o libft/ft_strlen.o libft/ft_strlen.c
cc    -c -o exec/redirections.o exec/redirections.c
cc    -c -o libft/ft_strnstr.o libft/ft_strnstr.c
cc    -c -o exec/ft_unset.o exec/ft_unset.c
cc    -c -o exec/ft_export.o exec/ft_export.c
cc    -c -o exec/ft_others.o exec/ft_others.c
cc    -c -o exec/ft_readline.o exec/ft_readline.c
cc    -c -o exec/ft_init.o exec/ft_init.c
cc    -c -o libft/ft_putchar_fd.o libft/ft_putchar_fd.c
cc    -c -o libft/ft_putstr_fd.o libft/ft_putstr_fd.c
cc    -c -o libft/ft_putendl_fd.o libft/ft_putendl_fd.c
cc    -c -o exec/ftpipe.o exec/ftpipe.c
cc    -c -o exec/ft_one_command.o exec/ft_one_command.c
cc    -c -o exec/ft_multi_cmds.o exec/ft_multi_cmds.c
cc    -c -o libft/ft_strdup.o libft/ft_strdup.c
cc    -c -o libft/ft_atoi.o libft/ft_atoi.c
cc    -c -o libft/ft_isdigit.o libft/ft_isdigit.c
cc    -c -o exec/ft_here_doc.o exec/ft_here_doc.c
cc    -c -o exec/ft_search_path.o exec/ft_search_path.c
cc    -c -o exec/is_builtin.o exec/is_builtin.c
cc    -c -o exec/ft_exit.o exec/ft_exit.c
cc    -c -o exec/ftcd.o exec/ftcd.c
cc    -c -o exec/ft_copy_1st_env.o exec/ft_copy_1st_env.c
cc    -c -o exec/ft_export_tools.o exec/ft_export_tools.c
cc    -c -o libft/ft_strncmp.o libft/ft_strncmp.c
cc    -c -o libft/ft_itoa.o libft/ft_itoa.c
cc    -c -o libft/ft_strjoin.o libft/ft_strjoin.c
cc    -c -o libft/ft_substr.o libft/ft_substr.c
cc    -c -o libft/ft_split.o libft/ft_split.c
cc    -c -o parsing/ft_check_syntax.o parsing/ft_check_syntax.c
cc    -c -o parsing/ft_token.o parsing/ft_token.c
cc    -c -o parsing/remove_quotes.o parsing/remove_quotes.c
cc    -c -o libft/ft_strlcpy.o libft/ft_strlcpy.c
cc    -c -o libft/ft_strtrim.o libft/ft_strtrim.c
cc    -c -o parsing/parse.o parsing/parse.c
cc    -c -o libft/ft_strcmp.o libft/ft_strcmp.c
cc    -c -o parsing/pass_to_exec.o parsing/pass_to_exec.c
gcc     ./exec/builtins.o ./exec/ft_env.o ./libft/ft_strlen.o ./exec/redirections.o ./libft/ft_strnstr.o ./exec/ft_unset.o ./exec/ft_export.o ./exec/ft_others.o ./exec/ft_readline.o ./exec/ft_init.o ./libft/ft_putchar_fd.o ./libft/ft_putstr_fd.o ./libft/ft_putendl_fd.o ./exec/ftpipe.o ./exec/ft_one_command.o ./exec/ft_multi_cmds.o ./libft/ft_strdup.o ./libft/ft_atoi.o ./libft/ft_isdigit.o ./exec/ft_here_doc.o ./exec/ft_search_path.o ./exec/is_builtin.o ./exec/ft_exit.o ./exec/ftcd.o ./exec/ft_copy_1st_env.o ./exec/ft_export_tools.o ./libft/ft_strncmp.o ./libft/ft_itoa.o ./libft/ft_strjoin.o ./libft/ft_substr.o ./libft/ft_split.o ./parsing/ft_check_syntax.o ./parsing/ft_token.o ./parsing/remove_quotes.o ./libft/ft_strlcpy.o ./libft/ft_strtrim.o ./parsing/parse.o ./libft/ft_strcmp.o ./parsing/pass_to_exec.o -o minishell   -lreadline -L	/goinfre/asus/.brew/opt/readline/lib -I 	/goinfre/asus/.brew/opt/readline/include
make: Leaving directory '/mnt/s/minishell/MergeParsing-Exec'
 
